<?xml version="1.0" encoding="UTF-8"?>
<!-- Generated by org.testng.reporters.JUnitXMLReporter -->
<testsuite ignored="0" hostname="DESKTOP-SEOC7S6" failures="2" tests="2" name="Test" time="0.118" errors="0" timestamp="2024-02-15T10:19:40 IST">
  <testcase classname="TestListnerTestNg.TestCase" name="testOne" time="0.032">
    <failure type="java.lang.AssertionError" message="expected [true] but found [false]">
      <![CDATA[java.lang.AssertionError: expected [true] but found [false]
at TestListnerTestNg.TestCase.testOne(TestCase.java:11)
at java.base/java.util.ArrayList.forEach(ArrayList.java:1511)
... Removed 29 stack frames]]>
    </failure>
  </testcase> <!-- testOne -->
  <testcase classname="TestListnerTestNg.TestCase" name="testTwo" time="0.003">
    <failure type="java.lang.AssertionError" message="expected [true] but found [false]">
      <![CDATA[java.lang.AssertionError: expected [true] but found [false]
at TestListnerTestNg.TestCase.testTwo(TestCase.java:18)
at java.base/java.util.ArrayList.forEach(ArrayList.java:1511)
... Removed 32 stack frames]]>
    </failure>
  </testcase> <!-- testTwo -->
</testsuite> <!-- Test -->
