<?xml version="1.0" encoding="UTF-8"?>
<testng-results ignored="0" total="1" passed="1" failed="0" skipped="0">
  <reporter-output>
  </reporter-output>
  <suite started-at="2023-10-04T13:10:36 IST" name="Default suite" finished-at="2023-10-04T13:10:46 IST" duration-ms="9529">
    <groups>
    </groups>
    <test started-at="2023-10-04T13:10:36 IST" name="Default test" finished-at="2023-10-04T13:10:46 IST" duration-ms="9529">
      <class name="TestNGTutorial.testSuit">
        <test-method signature="testSuitFive()[pri:0, instance:TestNGTutorial.testSuit@5c33f1a9]" started-at="2023-10-04T13:10:36 IST" name="testSuitFive" finished-at="2023-10-04T13:10:46 IST" duration-ms="9447" status="PASS">
          <reporter-output>
          </reporter-output>
        </test-method> <!-- testSuitFive -->
      </class> <!-- TestNGTutorial.testSuit -->
    </test> <!-- Default test -->
  </suite> <!-- Default suite -->
</testng-results>
