<?xml version="1.0" encoding="UTF-8"?>
<testng-results ignored="0" total="1" passed="1" failed="0" skipped="0">
  <reporter-output>
  </reporter-output>
  <suite started-at="2023-10-05T13:39:03 IST" name="Default suite" finished-at="2023-10-05T13:39:13 IST" duration-ms="10021">
    <groups>
    </groups>
    <test started-at="2023-10-05T13:39:03 IST" name="Default test" finished-at="2023-10-05T13:39:13 IST" duration-ms="10021">
      <class name="SeleniumTestNG.mouseActions">
        <test-method is-config="true" signature="beforeMethod()[pri:0, instance:SeleniumTestNG.mouseActions@35e2d654]" started-at="2023-10-05T13:39:03 IST" name="beforeMethod" finished-at="2023-10-05T13:39:12 IST" duration-ms="8998" status="PASS">
          <reporter-output>
          </reporter-output>
        </test-method> <!-- beforeMethod -->
        <test-method signature="rightClick()[pri:0, instance:SeleniumTestNG.mouseActions@35e2d654]" started-at="2023-10-05T13:39:12 IST" name="rightClick" finished-at="2023-10-05T13:39:12 IST" duration-ms="227" status="PASS">
          <reporter-output>
          </reporter-output>
        </test-method> <!-- rightClick -->
        <test-method is-config="true" signature="browserClose()[pri:0, instance:SeleniumTestNG.mouseActions@35e2d654]" started-at="2023-10-05T13:39:12 IST" name="browserClose" finished-at="2023-10-05T13:39:13 IST" duration-ms="694" status="PASS">
          <reporter-output>
          </reporter-output>
        </test-method> <!-- browserClose -->
      </class> <!-- SeleniumTestNG.mouseActions -->
    </test> <!-- Default test -->
  </suite> <!-- Default suite -->
</testng-results>
