<?xml version="1.0" encoding="UTF-8"?>
<!-- Generated by org.testng.reporters.JUnitXMLReporter -->
<testsuite ignored="0" hostname="DESKTOP-SEOC7S6" failures="0" tests="8" name="Test" time="0.173" errors="0" timestamp="2024-01-22T13:03:03 IST">
  <testcase classname="TestNGTutorial.AnotationD1" name="testFOur" time="0.019"/>
  <testcase classname="TestNGTutorial.AnotationD1" name="testOne" time="0.003"/>
  <testcase classname="TestNGTutorial.AnotationD1" name="testThree" time="0.002"/>
  <testcase classname="TestNGTutorial.AnotationD1" name="testTwo" time="0.002"/>
  <testcase classname="TestNGTutorial.AnotationD2" name="testEight" time="0.007"/>
  <testcase classname="TestNGTutorial.AnotationD2" name="testFive" time="0.005"/>
  <testcase classname="TestNGTutorial.AnotationD2" name="testSeven" time="0.004"/>
  <testcase classname="TestNGTutorial.AnotationD2" name="testSix" time="0.002"/>
</testsuite> <!-- Test -->
