<?xml version="1.0" encoding="UTF-8"?>
<testng-results ignored="0" total="1" passed="1" failed="0" skipped="0">
  <reporter-output>
  </reporter-output>
  <suite started-at="2024-02-20T10:38:15 IST" name="Suite" finished-at="2024-02-20T10:38:26 IST" duration-ms="10626">
    <groups>
    </groups>
    <test started-at="2024-02-20T10:38:15 IST" name="Test" finished-at="2024-02-20T10:38:26 IST" duration-ms="10626">
      <class name="UIActions.TestClassOne">
        <test-method is-config="true" signature="SetUp()[pri:0, instance:UIActions.TestClassOne@692f203f]" started-at="2024-02-20T10:38:10 IST" name="SetUp" finished-at="2024-02-20T10:38:15 IST" duration-ms="4885" status="PASS">
          <reporter-output>
          </reporter-output>
        </test-method> <!-- SetUp -->
        <test-method signature="FileUpload()[pri:0, instance:UIActions.TestClassOne@692f203f]" started-at="2024-02-20T10:38:15 IST" name="FileUpload" finished-at="2024-02-20T10:38:26 IST" duration-ms="10545" status="PASS">
          <reporter-output>
          </reporter-output>
        </test-method> <!-- FileUpload -->
        <test-method is-config="true" signature="tearDown()[pri:0, instance:UIActions.TestClassOne@692f203f]" started-at="2024-02-20T10:38:26 IST" name="tearDown" finished-at="2024-02-20T10:38:27 IST" duration-ms="800" status="PASS">
          <reporter-output>
          </reporter-output>
        </test-method> <!-- tearDown -->
      </class> <!-- UIActions.TestClassOne -->
    </test> <!-- Test -->
  </suite> <!-- Suite -->
</testng-results>
