<?xml version="1.0" encoding="UTF-8"?>
<!-- Generated by org.testng.reporters.JUnitXMLReporter -->
<testsuite ignored="4" hostname="DESKTOP-SEOC7S6" failures="0" tests="1" name="Default test" time="9.529" errors="0" timestamp="2023-10-04T13:10:46 IST">
  <testcase classname="TestNGTutorial.testSuit" name="testSuitFive" time="9.447"/>
  <testcase classname="TestNGTutorial.testSuit" name="testSuitThree" time="0.0">
    <ignored/>
  </testcase> <!-- testSuitThree -->
  <testcase classname="TestNGTutorial.testSuit" name="testSuitFour" time="0.0">
    <ignored/>
  </testcase> <!-- testSuitFour -->
  <testcase classname="TestNGTutorial.testSuit" name="testSuitOne" time="0.0">
    <ignored/>
  </testcase> <!-- testSuitOne -->
  <testcase classname="TestNGTutorial.testSuit" name="testSuitTwo" time="0.0">
    <ignored/>
  </testcase> <!-- testSuitTwo -->
</testsuite> <!-- Default test -->
