<?xml version="1.0" encoding="UTF-8"?>
<!-- Generated by org.testng.reporters.JUnitXMLReporter -->
<testsuite ignored="4" hostname="DESKTOP-SEOC7S6" failures="0" tests="1" name="Default test" time="10.021" errors="0" timestamp="2023-10-05T13:39:13 IST">
  <testcase classname="SeleniumTestNG.mouseActions" name="rightClick" time="0.227"/>
  <testcase classname="SeleniumTestNG.mouseActions" name="doubleClick" time="0.0">
    <ignored/>
  </testcase> <!-- doubleClick -->
  <testcase classname="SeleniumTestNG.mouseActions" name="dranAndDrop" time="0.0">
    <ignored/>
  </testcase> <!-- dranAndDrop -->
  <testcase classname="SeleniumTestNG.mouseActions" name="clickAndHold" time="0.0">
    <ignored/>
  </testcase> <!-- clickAndHold -->
  <testcase classname="SeleniumTestNG.mouseActions" name="hover" time="0.0">
    <ignored/>
  </testcase> <!-- hover -->
</testsuite> <!-- Default test -->
